<?xml version="1.0" encoding="UTF-8"?>
<!-- Generated by org.testng.reporters.JUnitReportReporter -->
<testsuite hostname="Ajay" failures="0" tests="1" name="handlingframes.Popup" time="4.518" errors="0" timestamp="2023-04-20T13:20:32 IST" skipped="0">
  <testcase classname="handlingframes.Popup" name="openNewWindowAndTab" time="4.518"/>
  <system-out/>
</testsuite> <!-- handlingframes.Popup -->
