<?xml version="1.0" encoding="UTF-8"?>
<!-- Generated by org.testng.reporters.JUnitReportReporter -->
<testsuite hostname="Ajay" failures="0" tests="2" name="com.trello.qspiders.HandlingPopus.Popups" time="9.802" errors="0" timestamp="2023-04-20T13:36:16 IST" skipped="1">
  <testcase classname="com.trello.qspiders.HandlingPopus.Popups" name="PromptPopUP" time="9.802"/>
  <system-out/>
  <testcase classname="com.trello.qspiders.HandlingPopus.Popups" name="hiddenDivisionPopUp">
    <skipped/>
  </testcase> <!-- hiddenDivisionPopUp -->
  <system-out/>
</testsuite> <!-- com.trello.qspiders.HandlingPopus.Popups -->
