<?xml version="1.0" encoding="UTF-8"?>
<!-- Generated by org.testng.reporters.JUnitReportReporter -->
<testsuite hostname="Ajay" failures="0" tests="1" name="com.trello.qspiders.learntestng.UsageOfBeforeAndAfterMethod" time="67.466" errors="0" timestamp="2023-03-28T12:32:49 IST" skipped="0">
  <testcase classname="com.trello.qspiders.learntestng.UsageOfBeforeAndAfterMethod" name="testcase" time="67.466"/>
  <system-out/>
</testsuite> <!-- com.trello.qspiders.learntestng.UsageOfBeforeAndAfterMethod -->
