<?xml version="1.0" encoding="UTF-8"?>
<!-- Generated by org.testng.reporters.JUnitReportReporter -->
<testsuite hostname="Ajay" failures="0" tests="9" name="com.trello.qspiders.learntestng.ExecuteSameTestcaseMultipletimes" time="0.051" errors="0" timestamp="2023-03-25T12:00:08 IST" skipped="0">
  <testcase classname="com.trello.qspiders.learntestng.ExecuteSameTestcaseMultipletimes" name="grapes" time="0.002"/>
  <system-out/>
  <testcase classname="com.trello.qspiders.learntestng.ExecuteSameTestcaseMultipletimes" name="watermellon" time="0.004"/>
  <system-out/>
  <testcase classname="com.trello.qspiders.learntestng.ExecuteSameTestcaseMultipletimes" name="banana" time="0.006"/>
  <system-out/>
  <testcase classname="com.trello.qspiders.learntestng.ExecuteSameTestcaseMultipletimes" name="banana" time="0.006"/>
  <system-out/>
  <testcase classname="com.trello.qspiders.learntestng.ExecuteSameTestcaseMultipletimes" name="banana" time="0.007"/>
  <system-out/>
  <testcase classname="com.trello.qspiders.learntestng.ExecuteSameTestcaseMultipletimes" name="apple" time="0.004"/>
  <system-out/>
  <testcase classname="com.trello.qspiders.learntestng.ExecuteSameTestcaseMultipletimes" name="apple" time="0.016"/>
  <system-out/>
  <testcase classname="com.trello.qspiders.learntestng.ExecuteSameTestcaseMultipletimes" name="apple" time="0.003"/>
  <system-out/>
  <testcase classname="com.trello.qspiders.learntestng.ExecuteSameTestcaseMultipletimes" name="mango" time="0.003"/>
  <system-out/>
</testsuite> <!-- com.trello.qspiders.learntestng.ExecuteSameTestcaseMultipletimes -->
