<?xml version="1.0" encoding="UTF-8"?>
<!-- Generated by org.testng.reporters.JUnitReportReporter -->
<testsuite hostname="Ajay" failures="0" tests="1" name="com.trello.qspiders.trelloendtoend.TrelloEndToEndsample" time="52.076" errors="0" timestamp="2023-04-21T12:35:05 IST" skipped="0">
  <testcase classname="com.trello.qspiders.trelloendtoend.TrelloEndToEndsample" name="CreateAndDeleteTrelloBoard" time="52.076"/>
  <system-out/>
</testsuite> <!-- com.trello.qspiders.trelloendtoend.TrelloEndToEndsample -->
