<?xml version="1.0" encoding="UTF-8"?>
<!-- Generated by org.testng.reporters.JUnitReportReporter -->
<testsuite hostname="Ajay" failures="0" tests="2" name="com.trello.qspiders.learntestng.OneGoodAutomationScript" time="279.113" errors="0" timestamp="2023-03-28T12:11:46 IST" skipped="0">
  <testcase classname="com.trello.qspiders.learntestng.OneGoodAutomationScript" name="actiTimeLoginLogout" time="160.293"/>
  <system-out>
    <![CDATA[Successfully Logged into the application
Successfully logged out from the application]]>
  </system-out>
  <testcase classname="com.trello.qspiders.learntestng.OneGoodAutomationScript" name="actiTimeLoginLogout" time="118.820"/>
  <system-out>
    <![CDATA[Successfully Logged into the application
Successfully logged out from the application]]>
  </system-out>
</testsuite> <!-- com.trello.qspiders.learntestng.OneGoodAutomationScript -->
