<?xml version="1.0" encoding="UTF-8"?>
<!-- Generated by org.testng.reporters.JUnitReportReporter -->
<testsuite hostname="Ajay" failures="0" tests="5" name="com.trello.qspiders.learntestng.WhatIfMultipleTestAnnotationsINTheClass" time="0.095" errors="0" timestamp="2023-03-28T12:32:49 IST" skipped="0">
  <testcase classname="com.trello.qspiders.learntestng.WhatIfMultipleTestAnnotationsINTheClass" name="grapes" time="0.004"/>
  <system-out/>
  <testcase classname="com.trello.qspiders.learntestng.WhatIfMultipleTestAnnotationsINTheClass" name="watermellon" time="0.006"/>
  <system-out/>
  <testcase classname="com.trello.qspiders.learntestng.WhatIfMultipleTestAnnotationsINTheClass" name="banana" time="0.028"/>
  <system-out/>
  <testcase classname="com.trello.qspiders.learntestng.WhatIfMultipleTestAnnotationsINTheClass" name="mango" time="0.008"/>
  <system-out/>
  <testcase classname="com.trello.qspiders.learntestng.WhatIfMultipleTestAnnotationsINTheClass" name="apple" time="0.049"/>
  <system-out/>
</testsuite> <!-- com.trello.qspiders.learntestng.WhatIfMultipleTestAnnotationsINTheClass -->
