<?xml version="1.0" encoding="UTF-8"?>
<!-- Generated by org.testng.reporters.JUnitReportReporter -->
<testsuite hostname="Ajay" failures="0" tests="8" name="com.trello.qspiders.learntestng.DisableTestCaseFromExecution" time="0.016" errors="0" timestamp="2023-03-28T12:32:49 IST" skipped="1">
  <testcase classname="com.trello.qspiders.learntestng.DisableTestCaseFromExecution" name="watermelonTest" time="0.003"/>
  <system-out/>
  <testcase classname="com.trello.qspiders.learntestng.DisableTestCaseFromExecution" name="mangoTest" time="0.002"/>
  <system-out/>
  <testcase classname="com.trello.qspiders.learntestng.DisableTestCaseFromExecution" name="mangoTest" time="0.001"/>
  <system-out/>
  <testcase classname="com.trello.qspiders.learntestng.DisableTestCaseFromExecution" name="mangoTest" time="0.002"/>
  <system-out/>
  <testcase classname="com.trello.qspiders.learntestng.DisableTestCaseFromExecution" name="bananaTest" time="0.002"/>
  <system-out/>
  <testcase classname="com.trello.qspiders.learntestng.DisableTestCaseFromExecution" name="grapesTest" time="0.002"/>
  <system-out/>
  <testcase classname="com.trello.qspiders.learntestng.DisableTestCaseFromExecution" name="orangeTest" time="0.004"/>
  <system-out/>
  <testcase classname="com.trello.qspiders.learntestng.DisableTestCaseFromExecution" name="appleTest">
    <skipped/>
  </testcase> <!-- appleTest -->
  <system-out/>
</testsuite> <!-- com.trello.qspiders.learntestng.DisableTestCaseFromExecution -->
