<?xml version="1.0" encoding="UTF-8"?>
<!-- Generated by org.testng.reporters.JUnitReportReporter -->
<testsuite hostname="Ajay" failures="0" tests="1" name="com.trello.qspiders.learnactionclass.AutoSuggestions" time="14.123" errors="0" timestamp="2023-04-20T18:10:02 IST" skipped="0">
  <testcase classname="com.trello.qspiders.learnactionclass.AutoSuggestions" name="defaultAutoSuggestion" time="14.123"/>
  <system-out/>
</testsuite> <!-- com.trello.qspiders.learnactionclass.AutoSuggestions -->
