<?xml version="1.0" encoding="UTF-8"?>
<!-- Generated by org.testng.reporters.JUnitReportReporter -->
<testsuite hostname="Ajay" failures="0" tests="2" name="com.trello.qspiders.learntestng.GroupC" time="0.023" errors="0" timestamp="2023-03-31T22:29:33 IST" skipped="0">
  <testcase classname="com.trello.qspiders.learntestng.GroupC" name="nameG" time="0.022"/>
  <system-out/>
  <testcase classname="com.trello.qspiders.learntestng.GroupC" name="nameI" time="0.001"/>
  <system-out/>
</testsuite> <!-- com.trello.qspiders.learntestng.GroupC -->
