<?xml version="1.0" encoding="UTF-8"?>
<!-- Generated by org.testng.reporters.JUnitReportReporter -->
<testsuite hostname="Ajay" failures="0" tests="5" name="com.trello.qspiders.learntestng.UserDefinedOrder" time="0.019" errors="0" timestamp="2023-03-28T12:32:49 IST" skipped="0">
  <testcase classname="com.trello.qspiders.learntestng.UserDefinedOrder" name="banana" time="0.003"/>
  <system-out/>
  <testcase classname="com.trello.qspiders.learntestng.UserDefinedOrder" name="grapes" time="0.002"/>
  <system-out/>
  <testcase classname="com.trello.qspiders.learntestng.UserDefinedOrder" name="apple" time="0.004"/>
  <system-out/>
  <testcase classname="com.trello.qspiders.learntestng.UserDefinedOrder" name="mango" time="0.005"/>
  <system-out/>
  <testcase classname="com.trello.qspiders.learntestng.UserDefinedOrder" name="watermellon" time="0.005"/>
  <system-out/>
</testsuite> <!-- com.trello.qspiders.learntestng.UserDefinedOrder -->
